2025-03-19 00:01:32 [SpringApplicationShutdownHook] INFO  o.s.o.j.LocalContainerEntityManagerFactoryBean - Closing JPA EntityManagerFactory for persistence unit 'default'
2025-03-19 00:01:32 [SpringApplicationShutdownHook] INFO  com.zaxxer.hikari.HikariDataSource - HikariPool-1 - Shutdown initiated...
2025-03-19 00:01:32 [SpringApplicationShutdownHook] INFO  com.zaxxer.hikari.HikariDataSource - HikariPool-1 - Shutdown completed.
2025-03-19 00:01:34 [background-preinit] INFO  o.h.validator.internal.util.Version - HV000001: Hibernate Validator 6.2.5.Final
2025-03-19 00:01:34 [main] INFO  org.backend.BackendMain - Starting BackendMain using Java 20.0.2 on god_vaper with PID 16412 (D:\android_developing\IdiaProjects\pre-project-3\backend\target\classes started by levic in D:\android_developing\IdiaProjects\pre-project-3)
2025-03-19 00:01:34 [main] INFO  org.backend.BackendMain - No active profile set, falling back to 1 default profile: "default"
2025-03-19 00:01:35 [main] INFO  o.s.d.r.c.RepositoryConfigurationDelegate - Bootstrapping Spring Data JPA repositories in DEFAULT mode.
2025-03-19 00:01:35 [main] INFO  o.s.d.r.c.RepositoryConfigurationDelegate - Finished Spring Data repository scanning in 40 ms. Found 6 JPA repository interfaces.
2025-03-19 00:01:35 [main] INFO  o.s.b.w.e.tomcat.TomcatWebServer - Tomcat initialized with port(s): 8080 (http)
2025-03-19 00:01:35 [main] INFO  o.a.coyote.http11.Http11NioProtocol - Initializing ProtocolHandler ["http-nio-8080"]
2025-03-19 00:01:35 [main] INFO  o.a.catalina.core.StandardService - Starting service [Tomcat]
2025-03-19 00:01:35 [main] INFO  o.a.catalina.core.StandardEngine - Starting Servlet engine: [Apache Tomcat/9.0.83]
2025-03-19 00:01:35 [main] INFO  o.a.c.c.C.[Tomcat].[localhost].[/] - Initializing Spring embedded WebApplicationContext
2025-03-19 00:01:35 [main] INFO  o.s.b.w.s.c.ServletWebServerApplicationContext - Root WebApplicationContext: initialization completed in 878 ms
2025-03-19 00:01:35 [main] INFO  com.zaxxer.hikari.HikariDataSource - HikariPool-1 - Starting...
2025-03-19 00:01:35 [main] INFO  com.zaxxer.hikari.HikariDataSource - HikariPool-1 - Start completed.
2025-03-19 00:01:36 [main] INFO  liquibase.database - Set default schema name to public
2025-03-19 00:01:36 [main] INFO  liquibase.lockservice - Successfully acquired change log lock
2025-03-19 00:01:36 [main] INFO  liquibase.changelog - Reading from public.databasechangelog
2025-03-19 00:01:36 [main] INFO  liquibase.lockservice - Successfully released change log lock
2025-03-19 00:01:36 [main] INFO  o.h.jpa.internal.util.LogHelper - HHH000204: Processing PersistenceUnitInfo [name: default]
2025-03-19 00:01:36 [main] INFO  org.hibernate.Version - HHH000412: Hibernate ORM core version 5.6.15.Final
2025-03-19 00:01:36 [main] INFO  o.h.annotations.common.Version - HCANN000001: Hibernate Commons Annotations {5.1.2.Final}
2025-03-19 00:01:36 [main] INFO  org.hibernate.dialect.Dialect - HHH000400: Using dialect: org.hibernate.dialect.PostgreSQL10Dialect
2025-03-19 00:01:37 [main] INFO  o.h.e.t.j.p.i.JtaPlatformInitiator - HHH000490: Using JtaPlatform implementation: [org.hibernate.engine.transaction.jta.platform.internal.NoJtaPlatform]
2025-03-19 00:01:37 [main] INFO  o.s.o.j.LocalContainerEntityManagerFactoryBean - Initialized JPA EntityManagerFactory for persistence unit 'default'
2025-03-19 00:01:37 [main] DEBUG o.s.w.f.CommonsRequestLoggingFilter - Filter 'commonsRequestLoggingFilter' configured for use
2025-03-19 00:01:37 [main] INFO  o.s.s.web.DefaultSecurityFilterChain - Will secure any request with [org.springframework.security.web.session.DisableEncodeUrlFilter@7d583602, org.springframework.security.web.context.request.async.WebAsyncManagerIntegrationFilter@65689000, org.springframework.security.web.context.SecurityContextPersistenceFilter@4a234e1f, org.springframework.security.web.header.HeaderWriterFilter@3577e37c, org.springframework.security.web.authentication.logout.LogoutFilter@2bd67cf9, org.backend.config.jwt.JwtAuthenticationFilter@15e881c0, org.springframework.security.web.savedrequest.RequestCacheAwareFilter@64ef9b9a, org.springframework.security.web.servletapi.SecurityContextHolderAwareRequestFilter@48e1e18a, org.springframework.security.web.authentication.AnonymousAuthenticationFilter@441d3ddf, org.springframework.security.web.session.SessionManagementFilter@6919a8a, org.springframework.security.web.access.ExceptionTranslationFilter@735d7b99, org.springframework.security.web.access.intercept.AuthorizationFilter@32a541a8]
2025-03-19 00:01:37 [main] WARN  o.s.b.a.o.j.JpaBaseConfiguration$JpaWebConfiguration - spring.jpa.open-in-view is enabled by default. Therefore, database queries may be performed during view rendering. Explicitly configure spring.jpa.open-in-view to disable this warning
2025-03-19 00:01:37 [main] WARN  o.s.b.a.t.ThymeleafAutoConfiguration$DefaultTemplateResolverConfiguration - Cannot find template location: classpath:/templates/ (please add some templates, check your Thymeleaf configuration, or set spring.thymeleaf.check-template-location=false)
2025-03-19 00:01:37 [main] INFO  o.a.coyote.http11.Http11NioProtocol - Starting ProtocolHandler ["http-nio-8080"]
2025-03-19 00:01:37 [main] INFO  o.s.b.w.e.tomcat.TomcatWebServer - Tomcat started on port(s): 8080 (http) with context path ''
2025-03-19 00:01:37 [main] INFO  org.backend.BackendMain - Started BackendMain in 3.39 seconds (JVM running for 4.145)
2025-03-19 00:02:06 [http-nio-8080-exec-1] INFO  o.a.c.c.C.[Tomcat].[localhost].[/] - Initializing Spring DispatcherServlet 'dispatcherServlet'
2025-03-19 00:02:06 [http-nio-8080-exec-1] INFO  o.s.web.servlet.DispatcherServlet - Initializing Servlet 'dispatcherServlet'
2025-03-19 00:02:06 [http-nio-8080-exec-1] INFO  o.s.web.servlet.DispatcherServlet - Completed initialization in 1 ms
2025-03-19 00:02:06 [http-nio-8080-exec-1] DEBUG o.s.w.f.CommonsRequestLoggingFilter - REQUEST START: GET /brands]
2025-03-19 00:02:06 [http-nio-8080-exec-1] INFO  o.b.c.jwt.JwtAuthenticationFilter - request not have auth header
2025-03-19 00:02:06 [http-nio-8080-exec-1] DEBUG o.s.w.f.CommonsRequestLoggingFilter - REQUEST END: GET /brands]
2025-03-19 00:02:06 [http-nio-8080-exec-3] DEBUG o.s.w.f.CommonsRequestLoggingFilter - REQUEST START: GET /models?brandId=30]
2025-03-19 00:02:06 [http-nio-8080-exec-3] INFO  o.b.c.jwt.JwtAuthenticationFilter - request not have auth header
2025-03-19 00:02:06 [http-nio-8080-exec-3] DEBUG o.s.w.f.CommonsRequestLoggingFilter - REQUEST END: GET /models?brandId=30]
2025-03-19 00:03:02 [SpringApplicationShutdownHook] INFO  o.s.o.j.LocalContainerEntityManagerFactoryBean - Closing JPA EntityManagerFactory for persistence unit 'default'
2025-03-19 00:03:02 [SpringApplicationShutdownHook] INFO  com.zaxxer.hikari.HikariDataSource - HikariPool-1 - Shutdown initiated...
2025-03-19 00:03:02 [SpringApplicationShutdownHook] INFO  com.zaxxer.hikari.HikariDataSource - HikariPool-1 - Shutdown completed.
2025-03-19 00:03:05 [background-preinit] INFO  o.h.validator.internal.util.Version - HV000001: Hibernate Validator 6.2.5.Final
2025-03-19 00:03:05 [main] INFO  org.backend.BackendMain - Starting BackendMain using Java 20.0.2 on god_vaper with PID 21380 (D:\android_developing\IdiaProjects\pre-project-3\backend\target\classes started by levic in D:\android_developing\IdiaProjects\pre-project-3)
2025-03-19 00:03:05 [main] INFO  org.backend.BackendMain - No active profile set, falling back to 1 default profile: "default"
2025-03-19 00:03:06 [main] INFO  o.s.d.r.c.RepositoryConfigurationDelegate - Bootstrapping Spring Data JPA repositories in DEFAULT mode.
2025-03-19 00:03:06 [main] INFO  o.s.d.r.c.RepositoryConfigurationDelegate - Finished Spring Data repository scanning in 34 ms. Found 6 JPA repository interfaces.
2025-03-19 00:03:06 [main] INFO  o.s.b.w.e.tomcat.TomcatWebServer - Tomcat initialized with port(s): 8080 (http)
2025-03-19 00:03:06 [main] INFO  o.a.coyote.http11.Http11NioProtocol - Initializing ProtocolHandler ["http-nio-8080"]
2025-03-19 00:03:06 [main] INFO  o.a.catalina.core.StandardService - Starting service [Tomcat]
2025-03-19 00:03:06 [main] INFO  o.a.catalina.core.StandardEngine - Starting Servlet engine: [Apache Tomcat/9.0.83]
2025-03-19 00:03:06 [main] INFO  o.a.c.c.C.[Tomcat].[localhost].[/] - Initializing Spring embedded WebApplicationContext
2025-03-19 00:03:06 [main] INFO  o.s.b.w.s.c.ServletWebServerApplicationContext - Root WebApplicationContext: initialization completed in 890 ms
2025-03-19 00:03:06 [main] INFO  com.zaxxer.hikari.HikariDataSource - HikariPool-1 - Starting...
2025-03-19 00:03:06 [main] INFO  com.zaxxer.hikari.HikariDataSource - HikariPool-1 - Start completed.
2025-03-19 00:03:06 [main] INFO  liquibase.database - Set default schema name to public
2025-03-19 00:03:07 [main] INFO  liquibase.lockservice - Successfully acquired change log lock
2025-03-19 00:03:07 [main] INFO  liquibase.changelog - Reading from public.databasechangelog
2025-03-19 00:03:07 [main] INFO  liquibase.lockservice - Successfully released change log lock
2025-03-19 00:03:07 [main] INFO  o.h.jpa.internal.util.LogHelper - HHH000204: Processing PersistenceUnitInfo [name: default]
2025-03-19 00:03:07 [main] INFO  org.hibernate.Version - HHH000412: Hibernate ORM core version 5.6.15.Final
2025-03-19 00:03:07 [main] INFO  o.h.annotations.common.Version - HCANN000001: Hibernate Commons Annotations {5.1.2.Final}
2025-03-19 00:03:07 [main] INFO  org.hibernate.dialect.Dialect - HHH000400: Using dialect: org.hibernate.dialect.PostgreSQL10Dialect
2025-03-19 00:03:08 [main] INFO  o.h.e.t.j.p.i.JtaPlatformInitiator - HHH000490: Using JtaPlatform implementation: [org.hibernate.engine.transaction.jta.platform.internal.NoJtaPlatform]
2025-03-19 00:03:08 [main] INFO  o.s.o.j.LocalContainerEntityManagerFactoryBean - Initialized JPA EntityManagerFactory for persistence unit 'default'
2025-03-19 00:03:08 [main] DEBUG o.s.w.f.CommonsRequestLoggingFilter - Filter 'commonsRequestLoggingFilter' configured for use
2025-03-19 00:03:08 [main] INFO  o.s.s.web.DefaultSecurityFilterChain - Will secure any request with [org.springframework.security.web.session.DisableEncodeUrlFilter@63b85d97, org.springframework.security.web.context.request.async.WebAsyncManagerIntegrationFilter@50cadbae, org.springframework.security.web.context.SecurityContextPersistenceFilter@23c0fcf0, org.springframework.security.web.header.HeaderWriterFilter@735d7b99, org.springframework.security.web.authentication.logout.LogoutFilter@10b063fd, org.backend.config.jwt.JwtAuthenticationFilter@3652dd19, org.springframework.security.web.savedrequest.RequestCacheAwareFilter@4a234e1f, org.springframework.security.web.servletapi.SecurityContextHolderAwareRequestFilter@7640a191, org.springframework.security.web.authentication.AnonymousAuthenticationFilter@7d583602, org.springframework.security.web.session.SessionManagementFilter@6f959640, org.springframework.security.web.access.ExceptionTranslationFilter@7ed6e557, org.springframework.security.web.access.intercept.AuthorizationFilter@7c59f315]
2025-03-19 00:03:08 [main] WARN  o.s.b.a.o.j.JpaBaseConfiguration$JpaWebConfiguration - spring.jpa.open-in-view is enabled by default. Therefore, database queries may be performed during view rendering. Explicitly configure spring.jpa.open-in-view to disable this warning
2025-03-19 00:03:08 [main] WARN  o.s.b.a.t.ThymeleafAutoConfiguration$DefaultTemplateResolverConfiguration - Cannot find template location: classpath:/templates/ (please add some templates, check your Thymeleaf configuration, or set spring.thymeleaf.check-template-location=false)
2025-03-19 00:03:08 [main] INFO  o.a.coyote.http11.Http11NioProtocol - Starting ProtocolHandler ["http-nio-8080"]
2025-03-19 00:03:08 [main] INFO  o.s.b.w.e.tomcat.TomcatWebServer - Tomcat started on port(s): 8080 (http) with context path ''
2025-03-19 00:03:08 [main] INFO  org.backend.BackendMain - Started BackendMain in 3.4 seconds (JVM running for 4.051)
2025-03-19 00:03:18 [http-nio-8080-exec-1] INFO  o.a.c.c.C.[Tomcat].[localhost].[/] - Initializing Spring DispatcherServlet 'dispatcherServlet'
2025-03-19 00:03:18 [http-nio-8080-exec-1] INFO  o.s.web.servlet.DispatcherServlet - Initializing Servlet 'dispatcherServlet'
2025-03-19 00:03:18 [http-nio-8080-exec-1] INFO  o.s.web.servlet.DispatcherServlet - Completed initialization in 1 ms
2025-03-19 00:03:18 [http-nio-8080-exec-1] DEBUG o.s.w.f.CommonsRequestLoggingFilter - REQUEST START: GET /brands]
2025-03-19 00:03:18 [http-nio-8080-exec-1] INFO  o.b.c.jwt.JwtAuthenticationFilter - request not have auth header
2025-03-19 00:03:18 [http-nio-8080-exec-1] DEBUG o.s.w.f.CommonsRequestLoggingFilter - REQUEST END: GET /brands]
2025-03-19 00:03:18 [http-nio-8080-exec-2] DEBUG o.s.w.f.CommonsRequestLoggingFilter - REQUEST START: GET /models?brandId=30]
2025-03-19 00:03:18 [http-nio-8080-exec-2] INFO  o.b.c.jwt.JwtAuthenticationFilter - request not have auth header
2025-03-19 00:03:18 [http-nio-8080-exec-2] DEBUG o.s.w.f.CommonsRequestLoggingFilter - REQUEST END: GET /models?brandId=30]
2025-03-19 00:03:55 [SpringApplicationShutdownHook] INFO  o.s.o.j.LocalContainerEntityManagerFactoryBean - Closing JPA EntityManagerFactory for persistence unit 'default'
2025-03-19 00:03:55 [SpringApplicationShutdownHook] INFO  com.zaxxer.hikari.HikariDataSource - HikariPool-1 - Shutdown initiated...
2025-03-19 00:03:55 [SpringApplicationShutdownHook] INFO  com.zaxxer.hikari.HikariDataSource - HikariPool-1 - Shutdown completed.
2025-03-19 00:03:57 [background-preinit] INFO  o.h.validator.internal.util.Version - HV000001: Hibernate Validator 6.2.5.Final
2025-03-19 00:03:57 [main] INFO  org.backend.BackendMain - Starting BackendMain using Java 20.0.2 on god_vaper with PID 6052 (D:\android_developing\IdiaProjects\pre-project-3\backend\target\classes started by levic in D:\android_developing\IdiaProjects\pre-project-3)
2025-03-19 00:03:57 [main] INFO  org.backend.BackendMain - No active profile set, falling back to 1 default profile: "default"
2025-03-19 00:03:58 [main] INFO  o.s.d.r.c.RepositoryConfigurationDelegate - Bootstrapping Spring Data JPA repositories in DEFAULT mode.
2025-03-19 00:03:58 [main] INFO  o.s.d.r.c.RepositoryConfigurationDelegate - Finished Spring Data repository scanning in 35 ms. Found 6 JPA repository interfaces.
2025-03-19 00:03:58 [main] INFO  o.s.b.w.e.tomcat.TomcatWebServer - Tomcat initialized with port(s): 8080 (http)
2025-03-19 00:03:58 [main] INFO  o.a.coyote.http11.Http11NioProtocol - Initializing ProtocolHandler ["http-nio-8080"]
2025-03-19 00:03:58 [main] INFO  o.a.catalina.core.StandardService - Starting service [Tomcat]
2025-03-19 00:03:58 [main] INFO  o.a.catalina.core.StandardEngine - Starting Servlet engine: [Apache Tomcat/9.0.83]
2025-03-19 00:03:58 [main] INFO  o.a.c.c.C.[Tomcat].[localhost].[/] - Initializing Spring embedded WebApplicationContext
2025-03-19 00:03:58 [main] INFO  o.s.b.w.s.c.ServletWebServerApplicationContext - Root WebApplicationContext: initialization completed in 919 ms
2025-03-19 00:03:58 [main] INFO  com.zaxxer.hikari.HikariDataSource - HikariPool-1 - Starting...
2025-03-19 00:03:58 [main] INFO  com.zaxxer.hikari.HikariDataSource - HikariPool-1 - Start completed.
2025-03-19 00:03:59 [main] INFO  liquibase.database - Set default schema name to public
2025-03-19 00:03:59 [main] INFO  liquibase.lockservice - Successfully acquired change log lock
2025-03-19 00:03:59 [main] INFO  liquibase.changelog - Reading from public.databasechangelog
2025-03-19 00:03:59 [main] INFO  liquibase.lockservice - Successfully released change log lock
2025-03-19 00:03:59 [main] INFO  o.h.jpa.internal.util.LogHelper - HHH000204: Processing PersistenceUnitInfo [name: default]
2025-03-19 00:03:59 [main] INFO  org.hibernate.Version - HHH000412: Hibernate ORM core version 5.6.15.Final
2025-03-19 00:03:59 [main] INFO  o.h.annotations.common.Version - HCANN000001: Hibernate Commons Annotations {5.1.2.Final}
2025-03-19 00:03:59 [main] INFO  org.hibernate.dialect.Dialect - HHH000400: Using dialect: org.hibernate.dialect.PostgreSQL10Dialect
2025-03-19 00:04:00 [main] INFO  o.h.e.t.j.p.i.JtaPlatformInitiator - HHH000490: Using JtaPlatform implementation: [org.hibernate.engine.transaction.jta.platform.internal.NoJtaPlatform]
2025-03-19 00:04:00 [main] INFO  o.s.o.j.LocalContainerEntityManagerFactoryBean - Initialized JPA EntityManagerFactory for persistence unit 'default'
2025-03-19 00:04:00 [main] DEBUG o.s.w.f.CommonsRequestLoggingFilter - Filter 'commonsRequestLoggingFilter' configured for use
2025-03-19 00:04:00 [main] INFO  o.s.s.web.DefaultSecurityFilterChain - Will secure any request with [org.springframework.security.web.session.DisableEncodeUrlFilter@2bd67cf9, org.springframework.security.web.context.request.async.WebAsyncManagerIntegrationFilter@4ba32242, org.springframework.security.web.context.SecurityContextPersistenceFilter@60f6d689, org.springframework.security.web.header.HeaderWriterFilter@369f85c6, org.springframework.security.web.authentication.logout.LogoutFilter@3f54fabc, org.backend.config.jwt.JwtAuthenticationFilter@6b6cf3c1, org.springframework.security.web.savedrequest.RequestCacheAwareFilter@1ff65426, org.springframework.security.web.servletapi.SecurityContextHolderAwareRequestFilter@2fe152aa, org.springframework.security.web.authentication.AnonymousAuthenticationFilter@581f1f40, org.springframework.security.web.session.SessionManagementFilter@3577e37c, org.springframework.security.web.access.ExceptionTranslationFilter@2c555efb, org.springframework.security.web.access.intercept.AuthorizationFilter@6d21a69f]
2025-03-19 00:04:00 [main] WARN  o.s.b.a.o.j.JpaBaseConfiguration$JpaWebConfiguration - spring.jpa.open-in-view is enabled by default. Therefore, database queries may be performed during view rendering. Explicitly configure spring.jpa.open-in-view to disable this warning
2025-03-19 00:04:00 [main] WARN  o.s.b.a.t.ThymeleafAutoConfiguration$DefaultTemplateResolverConfiguration - Cannot find template location: classpath:/templates/ (please add some templates, check your Thymeleaf configuration, or set spring.thymeleaf.check-template-location=false)
2025-03-19 00:04:00 [main] INFO  o.a.coyote.http11.Http11NioProtocol - Starting ProtocolHandler ["http-nio-8080"]
2025-03-19 00:04:00 [main] INFO  o.s.b.w.e.tomcat.TomcatWebServer - Tomcat started on port(s): 8080 (http) with context path ''
2025-03-19 00:04:00 [main] INFO  org.backend.BackendMain - Started BackendMain in 3.401 seconds (JVM running for 4.077)
2025-03-19 00:04:03 [http-nio-8080-exec-1] INFO  o.a.c.c.C.[Tomcat].[localhost].[/] - Initializing Spring DispatcherServlet 'dispatcherServlet'
2025-03-19 00:04:03 [http-nio-8080-exec-1] INFO  o.s.web.servlet.DispatcherServlet - Initializing Servlet 'dispatcherServlet'
2025-03-19 00:04:03 [http-nio-8080-exec-1] INFO  o.s.web.servlet.DispatcherServlet - Completed initialization in 1 ms
2025-03-19 00:04:03 [http-nio-8080-exec-1] DEBUG o.s.w.f.CommonsRequestLoggingFilter - REQUEST START: GET /brands]
2025-03-19 00:04:03 [http-nio-8080-exec-1] INFO  o.b.c.jwt.JwtAuthenticationFilter - request not have auth header
2025-03-19 00:04:03 [http-nio-8080-exec-1] DEBUG o.s.w.f.CommonsRequestLoggingFilter - REQUEST END: GET /brands]
2025-03-19 00:04:03 [http-nio-8080-exec-3] DEBUG o.s.w.f.CommonsRequestLoggingFilter - REQUEST START: GET /models?brandId=30]
2025-03-19 00:04:03 [http-nio-8080-exec-3] INFO  o.b.c.jwt.JwtAuthenticationFilter - request not have auth header
2025-03-19 00:04:03 [http-nio-8080-exec-3] DEBUG o.s.w.f.CommonsRequestLoggingFilter - REQUEST END: GET /models?brandId=30]
2025-03-19 00:04:43 [SpringApplicationShutdownHook] INFO  o.s.o.j.LocalContainerEntityManagerFactoryBean - Closing JPA EntityManagerFactory for persistence unit 'default'
2025-03-19 00:04:43 [SpringApplicationShutdownHook] INFO  com.zaxxer.hikari.HikariDataSource - HikariPool-1 - Shutdown initiated...
2025-03-19 00:04:43 [SpringApplicationShutdownHook] INFO  com.zaxxer.hikari.HikariDataSource - HikariPool-1 - Shutdown completed.
2025-03-19 00:04:46 [background-preinit] INFO  o.h.validator.internal.util.Version - HV000001: Hibernate Validator 6.2.5.Final
2025-03-19 00:04:46 [main] INFO  org.backend.BackendMain - Starting BackendMain using Java 20.0.2 on god_vaper with PID 12888 (D:\android_developing\IdiaProjects\pre-project-3\backend\target\classes started by levic in D:\android_developing\IdiaProjects\pre-project-3)
2025-03-19 00:04:46 [main] INFO  org.backend.BackendMain - No active profile set, falling back to 1 default profile: "default"
2025-03-19 00:04:46 [main] INFO  o.s.d.r.c.RepositoryConfigurationDelegate - Bootstrapping Spring Data JPA repositories in DEFAULT mode.
2025-03-19 00:04:46 [main] INFO  o.s.d.r.c.RepositoryConfigurationDelegate - Finished Spring Data repository scanning in 42 ms. Found 6 JPA repository interfaces.
2025-03-19 00:04:47 [main] INFO  o.s.b.w.e.tomcat.TomcatWebServer - Tomcat initialized with port(s): 8080 (http)
2025-03-19 00:04:47 [main] INFO  o.a.coyote.http11.Http11NioProtocol - Initializing ProtocolHandler ["http-nio-8080"]
2025-03-19 00:04:47 [main] INFO  o.a.catalina.core.StandardService - Starting service [Tomcat]
2025-03-19 00:04:47 [main] INFO  o.a.catalina.core.StandardEngine - Starting Servlet engine: [Apache Tomcat/9.0.83]
2025-03-19 00:04:47 [main] INFO  o.a.c.c.C.[Tomcat].[localhost].[/] - Initializing Spring embedded WebApplicationContext
2025-03-19 00:04:47 [main] INFO  o.s.b.w.s.c.ServletWebServerApplicationContext - Root WebApplicationContext: initialization completed in 1014 ms
2025-03-19 00:04:47 [main] INFO  com.zaxxer.hikari.HikariDataSource - HikariPool-1 - Starting...
2025-03-19 00:04:47 [main] INFO  com.zaxxer.hikari.HikariDataSource - HikariPool-1 - Start completed.
2025-03-19 00:04:47 [main] INFO  liquibase.database - Set default schema name to public
2025-03-19 00:04:47 [main] INFO  liquibase.lockservice - Successfully acquired change log lock
2025-03-19 00:04:48 [main] INFO  liquibase.changelog - Reading from public.databasechangelog
2025-03-19 00:04:48 [main] INFO  liquibase.lockservice - Successfully released change log lock
2025-03-19 00:04:48 [main] INFO  o.h.jpa.internal.util.LogHelper - HHH000204: Processing PersistenceUnitInfo [name: default]
2025-03-19 00:04:48 [main] INFO  org.hibernate.Version - HHH000412: Hibernate ORM core version 5.6.15.Final
2025-03-19 00:04:48 [main] INFO  o.h.annotations.common.Version - HCANN000001: Hibernate Commons Annotations {5.1.2.Final}
2025-03-19 00:04:48 [main] INFO  org.hibernate.dialect.Dialect - HHH000400: Using dialect: org.hibernate.dialect.PostgreSQL10Dialect
2025-03-19 00:04:48 [main] INFO  o.h.e.t.j.p.i.JtaPlatformInitiator - HHH000490: Using JtaPlatform implementation: [org.hibernate.engine.transaction.jta.platform.internal.NoJtaPlatform]
2025-03-19 00:04:48 [main] INFO  o.s.o.j.LocalContainerEntityManagerFactoryBean - Initialized JPA EntityManagerFactory for persistence unit 'default'
2025-03-19 00:04:49 [main] DEBUG o.s.w.f.CommonsRequestLoggingFilter - Filter 'commonsRequestLoggingFilter' configured for use
2025-03-19 00:04:49 [main] INFO  o.s.s.web.DefaultSecurityFilterChain - Will secure any request with [org.springframework.security.web.session.DisableEncodeUrlFilter@296a350, org.springframework.security.web.context.request.async.WebAsyncManagerIntegrationFilter@4f3a8e3e, org.springframework.security.web.context.SecurityContextPersistenceFilter@1bff4b1f, org.springframework.security.web.header.HeaderWriterFilter@7b0a69b9, org.springframework.security.web.authentication.logout.LogoutFilter@76d4e1af, org.backend.config.jwt.JwtAuthenticationFilter@661d49d1, org.springframework.security.web.savedrequest.RequestCacheAwareFilter@747b8f5c, org.springframework.security.web.servletapi.SecurityContextHolderAwareRequestFilter@565bf1bb, org.springframework.security.web.authentication.AnonymousAuthenticationFilter@4824d077, org.springframework.security.web.session.SessionManagementFilter@2199e1a4, org.springframework.security.web.access.ExceptionTranslationFilter@6921ce3f, org.springframework.security.web.access.intercept.AuthorizationFilter@7b06dce0]
2025-03-19 00:04:49 [main] WARN  o.s.b.a.o.j.JpaBaseConfiguration$JpaWebConfiguration - spring.jpa.open-in-view is enabled by default. Therefore, database queries may be performed during view rendering. Explicitly configure spring.jpa.open-in-view to disable this warning
2025-03-19 00:04:49 [main] WARN  o.s.b.a.t.ThymeleafAutoConfiguration$DefaultTemplateResolverConfiguration - Cannot find template location: classpath:/templates/ (please add some templates, check your Thymeleaf configuration, or set spring.thymeleaf.check-template-location=false)
2025-03-19 00:04:49 [main] INFO  o.a.coyote.http11.Http11NioProtocol - Starting ProtocolHandler ["http-nio-8080"]
2025-03-19 00:04:49 [main] INFO  o.s.b.w.e.tomcat.TomcatWebServer - Tomcat started on port(s): 8080 (http) with context path ''
2025-03-19 00:04:49 [main] INFO  org.backend.BackendMain - Started BackendMain in 3.733 seconds (JVM running for 4.571)
2025-03-19 00:04:50 [http-nio-8080-exec-2] INFO  o.a.c.c.C.[Tomcat].[localhost].[/] - Initializing Spring DispatcherServlet 'dispatcherServlet'
2025-03-19 00:04:50 [http-nio-8080-exec-2] INFO  o.s.web.servlet.DispatcherServlet - Initializing Servlet 'dispatcherServlet'
2025-03-19 00:04:50 [http-nio-8080-exec-2] INFO  o.s.web.servlet.DispatcherServlet - Completed initialization in 1 ms
2025-03-19 00:04:50 [http-nio-8080-exec-2] DEBUG o.s.w.f.CommonsRequestLoggingFilter - REQUEST START: GET /brands]
2025-03-19 00:04:50 [http-nio-8080-exec-2] INFO  o.b.c.jwt.JwtAuthenticationFilter - request not have auth header
2025-03-19 00:04:50 [http-nio-8080-exec-2] DEBUG o.s.w.f.CommonsRequestLoggingFilter - REQUEST END: GET /brands]
2025-03-19 00:04:50 [http-nio-8080-exec-1] DEBUG o.s.w.f.CommonsRequestLoggingFilter - REQUEST START: GET /models?brandId=30]
2025-03-19 00:04:50 [http-nio-8080-exec-1] INFO  o.b.c.jwt.JwtAuthenticationFilter - request not have auth header
2025-03-19 00:04:50 [http-nio-8080-exec-1] DEBUG o.s.w.f.CommonsRequestLoggingFilter - REQUEST END: GET /models?brandId=30]
2025-03-19 00:05:28 [http-nio-8080-exec-5] DEBUG o.s.w.f.CommonsRequestLoggingFilter - REQUEST START: GET /brands]
2025-03-19 00:05:28 [http-nio-8080-exec-5] INFO  o.b.c.jwt.JwtAuthenticationFilter - request not have auth header
2025-03-19 00:05:28 [http-nio-8080-exec-5] DEBUG o.s.w.f.CommonsRequestLoggingFilter - REQUEST END: GET /brands]
2025-03-19 00:05:28 [http-nio-8080-exec-6] DEBUG o.s.w.f.CommonsRequestLoggingFilter - REQUEST START: GET /models?brandId=30]
2025-03-19 00:05:28 [http-nio-8080-exec-6] INFO  o.b.c.jwt.JwtAuthenticationFilter - request not have auth header
2025-03-19 00:05:28 [http-nio-8080-exec-6] DEBUG o.s.w.f.CommonsRequestLoggingFilter - REQUEST END: GET /models?brandId=30]
2025-03-19 00:15:39 [SpringApplicationShutdownHook] INFO  o.s.o.j.LocalContainerEntityManagerFactoryBean - Closing JPA EntityManagerFactory for persistence unit 'default'
2025-03-19 00:15:39 [SpringApplicationShutdownHook] INFO  com.zaxxer.hikari.HikariDataSource - HikariPool-1 - Shutdown initiated...
2025-03-19 00:15:39 [SpringApplicationShutdownHook] INFO  com.zaxxer.hikari.HikariDataSource - HikariPool-1 - Shutdown completed.
2025-03-19 00:24:47 [background-preinit] INFO  o.h.validator.internal.util.Version - HV000001: Hibernate Validator 6.2.5.Final
2025-03-19 00:24:47 [main] INFO  org.backend.BackendMain - Starting BackendMain using Java 20.0.2 on god_vaper with PID 29632 (D:\android_developing\IdiaProjects\pre-project-3\backend\target\classes started by levic in D:\android_developing\IdiaProjects\pre-project-3)
2025-03-19 00:24:47 [main] INFO  org.backend.BackendMain - No active profile set, falling back to 1 default profile: "default"
