2025-03-09 11:41:34 [background-preinit] INFO  o.h.validator.internal.util.Version - HV000001: Hibernate Validator 6.2.5.Final
2025-03-09 11:41:34 [main] INFO  org.example.Main - Starting Main using Java 20.0.2 on god_vaper with PID 20468 (D:\android_developing\IdiaProjects\pre-project-3\target\classes started by levic in D:\android_developing\IdiaProjects\pre-project-3)
2025-03-09 11:41:34 [main] INFO  org.example.Main - No active profile set, falling back to 1 default profile: "default"
2025-03-09 11:41:35 [main] INFO  o.s.d.r.c.RepositoryConfigurationDelegate - Bootstrapping Spring Data JPA repositories in DEFAULT mode.
2025-03-09 11:41:35 [main] INFO  o.s.d.r.c.RepositoryConfigurationDelegate - Finished Spring Data repository scanning in 41 ms. Found 2 JPA repository interfaces.
2025-03-09 11:41:35 [main] INFO  o.s.b.w.e.tomcat.TomcatWebServer - Tomcat initialized with port(s): 8080 (http)
2025-03-09 11:41:35 [main] INFO  o.a.coyote.http11.Http11NioProtocol - Initializing ProtocolHandler ["http-nio-8080"]
2025-03-09 11:41:35 [main] INFO  o.a.catalina.core.StandardService - Starting service [Tomcat]
2025-03-09 11:41:35 [main] INFO  o.a.catalina.core.StandardEngine - Starting Servlet engine: [Apache Tomcat/9.0.83]
2025-03-09 11:41:35 [main] INFO  o.a.c.c.C.[Tomcat].[localhost].[/] - Initializing Spring embedded WebApplicationContext
2025-03-09 11:41:35 [main] INFO  o.s.b.w.s.c.ServletWebServerApplicationContext - Root WebApplicationContext: initialization completed in 1711 ms
2025-03-09 11:41:36 [main] INFO  com.zaxxer.hikari.HikariDataSource - HikariPool-1 - Starting...
2025-03-09 11:41:36 [main] INFO  com.zaxxer.hikari.HikariDataSource - HikariPool-1 - Start completed.
2025-03-09 11:41:36 [main] INFO  liquibase.database - Set default schema name to public
2025-03-09 11:41:36 [main] INFO  liquibase.lockservice - Successfully acquired change log lock
2025-03-09 11:41:37 [main] INFO  liquibase.changelog - Reading from public.databasechangelog
2025-03-09 11:41:37 [main] INFO  liquibase.lockservice - Successfully released change log lock
2025-03-09 11:41:37 [main] INFO  o.h.jpa.internal.util.LogHelper - HHH000204: Processing PersistenceUnitInfo [name: default]
2025-03-09 11:41:37 [main] INFO  org.hibernate.Version - HHH000412: Hibernate ORM core version 5.6.15.Final
2025-03-09 11:41:37 [main] INFO  o.h.annotations.common.Version - HCANN000001: Hibernate Commons Annotations {5.1.2.Final}
2025-03-09 11:41:37 [main] INFO  org.hibernate.dialect.Dialect - HHH000400: Using dialect: org.hibernate.dialect.PostgreSQL10Dialect
2025-03-09 11:41:38 [main] INFO  o.h.e.t.j.p.i.JtaPlatformInitiator - HHH000490: Using JtaPlatform implementation: [org.hibernate.engine.transaction.jta.platform.internal.NoJtaPlatform]
2025-03-09 11:41:38 [main] INFO  o.s.o.j.LocalContainerEntityManagerFactoryBean - Initialized JPA EntityManagerFactory for persistence unit 'default'
2025-03-09 11:41:38 [main] DEBUG o.s.w.f.CommonsRequestLoggingFilter - Filter 'commonsRequestLoggingFilter' configured for use
2025-03-09 11:41:38 [main] INFO  o.s.s.web.DefaultSecurityFilterChain - Will secure any request with [org.springframework.security.web.session.DisableEncodeUrlFilter@e09c7a2, org.springframework.security.web.context.request.async.WebAsyncManagerIntegrationFilter@2688b2be, org.springframework.security.web.context.SecurityContextPersistenceFilter@14d9ae22, org.springframework.security.web.header.HeaderWriterFilter@1851f19f, org.springframework.security.web.authentication.logout.LogoutFilter@3ba6707e, org.example.config.jwt.JwtAuthenticationFilter@69c335c4, org.springframework.security.web.savedrequest.RequestCacheAwareFilter@68ee7b3b, org.springframework.security.web.servletapi.SecurityContextHolderAwareRequestFilter@6f0df74, org.springframework.security.web.authentication.AnonymousAuthenticationFilter@30d3f583, org.springframework.security.web.session.SessionManagementFilter@7c5fbde4, org.springframework.security.web.access.ExceptionTranslationFilter@4bc49d70, org.springframework.security.web.access.intercept.AuthorizationFilter@22c14d10]
2025-03-09 11:41:38 [main] WARN  o.s.b.a.o.j.JpaBaseConfiguration$JpaWebConfiguration - spring.jpa.open-in-view is enabled by default. Therefore, database queries may be performed during view rendering. Explicitly configure spring.jpa.open-in-view to disable this warning
2025-03-09 11:41:38 [main] WARN  o.s.b.a.t.ThymeleafAutoConfiguration$DefaultTemplateResolverConfiguration - Cannot find template location: classpath:/templates/ (please add some templates, check your Thymeleaf configuration, or set spring.thymeleaf.check-template-location=false)
2025-03-09 11:41:39 [main] INFO  o.a.coyote.http11.Http11NioProtocol - Starting ProtocolHandler ["http-nio-8080"]
2025-03-09 11:41:39 [main] INFO  o.s.b.w.e.tomcat.TomcatWebServer - Tomcat started on port(s): 8080 (http) with context path ''
2025-03-09 11:41:39 [main] INFO  org.example.Main - Started Main in 5.428 seconds (JVM running for 6.87)
2025-03-09 11:42:12 [http-nio-8080-exec-1] INFO  o.a.c.c.C.[Tomcat].[localhost].[/] - Initializing Spring DispatcherServlet 'dispatcherServlet'
2025-03-09 11:42:12 [http-nio-8080-exec-1] INFO  o.s.web.servlet.DispatcherServlet - Initializing Servlet 'dispatcherServlet'
2025-03-09 11:42:12 [http-nio-8080-exec-1] INFO  o.s.web.servlet.DispatcherServlet - Completed initialization in 1 ms
2025-03-09 11:42:12 [http-nio-8080-exec-1] DEBUG o.s.w.f.CommonsRequestLoggingFilter - REQUEST START: POST /signup]
2025-03-09 11:42:12 [http-nio-8080-exec-1] ERROR o.e.c.jwt.JwtAuthenticationFilter - not valid jwt token for request
io.jsonwebtoken.ExpiredJwtException: JWT expired at 2025-03-08T23:59:00Z. Current time: 2025-03-09T08:42:12Z, a difference of 31392385 milliseconds.  Allowed clock skew: 0 milliseconds.
	at io.jsonwebtoken.impl.DefaultJwtParser.parse(DefaultJwtParser.java:427)
	at io.jsonwebtoken.impl.DefaultJwtParser.parse(DefaultJwtParser.java:529)
	at io.jsonwebtoken.impl.DefaultJwtParser.parseClaimsJws(DefaultJwtParser.java:589)
	at io.jsonwebtoken.impl.ImmutableJwtParser.parseClaimsJws(ImmutableJwtParser.java:173)
	at org.example.config.jwt.JwtService.extractAllClaims(JwtService.java:66)
	at org.example.config.jwt.JwtService.extractClaim(JwtService.java:46)
	at org.example.config.jwt.JwtService.extractUserEmail(JwtService.java:28)
	at org.example.config.jwt.JwtAuthenticationFilter.doFilterInternal(JwtAuthenticationFilter.java:51)
	at org.springframework.web.filter.OncePerRequestFilter.doFilter(OncePerRequestFilter.java:117)
	at org.springframework.security.web.FilterChainProxy$VirtualFilterChain.doFilter(FilterChainProxy.java:346)
	at org.springframework.security.web.authentication.logout.LogoutFilter.doFilter(LogoutFilter.java:103)
	at org.springframework.security.web.authentication.logout.LogoutFilter.doFilter(LogoutFilter.java:89)
	at org.springframework.security.web.FilterChainProxy$VirtualFilterChain.doFilter(FilterChainProxy.java:346)
	at org.springframework.security.web.header.HeaderWriterFilter.doHeadersAfter(HeaderWriterFilter.java:90)
	at org.springframework.security.web.header.HeaderWriterFilter.doFilterInternal(HeaderWriterFilter.java:75)
	at org.springframework.web.filter.OncePerRequestFilter.doFilter(OncePerRequestFilter.java:117)
	at org.springframework.security.web.FilterChainProxy$VirtualFilterChain.doFilter(FilterChainProxy.java:346)
	at org.springframework.security.web.context.SecurityContextPersistenceFilter.doFilter(SecurityContextPersistenceFilter.java:112)
	at org.springframework.security.web.context.SecurityContextPersistenceFilter.doFilter(SecurityContextPersistenceFilter.java:82)
	at org.springframework.security.web.FilterChainProxy$VirtualFilterChain.doFilter(FilterChainProxy.java:346)
	at org.springframework.security.web.context.request.async.WebAsyncManagerIntegrationFilter.doFilterInternal(WebAsyncManagerIntegrationFilter.java:55)
	at org.springframework.web.filter.OncePerRequestFilter.doFilter(OncePerRequestFilter.java:117)
	at org.springframework.security.web.FilterChainProxy$VirtualFilterChain.doFilter(FilterChainProxy.java:346)
	at org.springframework.security.web.session.DisableEncodeUrlFilter.doFilterInternal(DisableEncodeUrlFilter.java:42)
	at org.springframework.web.filter.OncePerRequestFilter.doFilter(OncePerRequestFilter.java:117)
	at org.springframework.security.web.FilterChainProxy$VirtualFilterChain.doFilter(FilterChainProxy.java:346)
	at org.springframework.security.web.FilterChainProxy.doFilterInternal(FilterChainProxy.java:221)
	at org.springframework.security.web.FilterChainProxy.doFilter(FilterChainProxy.java:186)
	at org.springframework.web.filter.DelegatingFilterProxy.invokeDelegate(DelegatingFilterProxy.java:354)
	at org.springframework.web.filter.DelegatingFilterProxy.doFilter(DelegatingFilterProxy.java:267)
	at org.apache.catalina.core.ApplicationFilterChain.internalDoFilter(ApplicationFilterChain.java:178)
	at org.apache.catalina.core.ApplicationFilterChain.doFilter(ApplicationFilterChain.java:153)
	at org.springframework.web.filter.RequestContextFilter.doFilterInternal(RequestContextFilter.java:100)
	at org.springframework.web.filter.OncePerRequestFilter.doFilter(OncePerRequestFilter.java:117)
	at org.apache.catalina.core.ApplicationFilterChain.internalDoFilter(ApplicationFilterChain.java:178)
	at org.apache.catalina.core.ApplicationFilterChain.doFilter(ApplicationFilterChain.java:153)
	at org.springframework.web.filter.FormContentFilter.doFilterInternal(FormContentFilter.java:93)
	at org.springframework.web.filter.OncePerRequestFilter.doFilter(OncePerRequestFilter.java:117)
	at org.apache.catalina.core.ApplicationFilterChain.internalDoFilter(ApplicationFilterChain.java:178)
	at org.apache.catalina.core.ApplicationFilterChain.doFilter(ApplicationFilterChain.java:153)
	at org.springframework.web.filter.CharacterEncodingFilter.doFilterInternal(CharacterEncodingFilter.java:201)
	at org.springframework.web.filter.OncePerRequestFilter.doFilter(OncePerRequestFilter.java:117)
	at org.apache.catalina.core.ApplicationFilterChain.internalDoFilter(ApplicationFilterChain.java:178)
	at org.apache.catalina.core.ApplicationFilterChain.doFilter(ApplicationFilterChain.java:153)
	at org.springframework.web.filter.AbstractRequestLoggingFilter.doFilterInternal(AbstractRequestLoggingFilter.java:289)
	at org.springframework.web.filter.OncePerRequestFilter.doFilter(OncePerRequestFilter.java:117)
	at org.apache.catalina.core.ApplicationFilterChain.internalDoFilter(ApplicationFilterChain.java:178)
	at org.apache.catalina.core.ApplicationFilterChain.doFilter(ApplicationFilterChain.java:153)
	at org.apache.catalina.core.StandardWrapperValve.invoke(StandardWrapperValve.java:168)
	at org.apache.catalina.core.StandardContextValve.invoke(StandardContextValve.java:90)
	at org.apache.catalina.authenticator.AuthenticatorBase.invoke(AuthenticatorBase.java:481)
	at org.apache.catalina.core.StandardHostValve.invoke(StandardHostValve.java:130)
	at org.apache.catalina.valves.ErrorReportValve.invoke(ErrorReportValve.java:93)
	at org.apache.catalina.core.StandardEngineValve.invoke(StandardEngineValve.java:74)
	at org.apache.catalina.connector.CoyoteAdapter.service(CoyoteAdapter.java:342)
	at org.apache.coyote.http11.Http11Processor.service(Http11Processor.java:390)
	at org.apache.coyote.AbstractProcessorLight.process(AbstractProcessorLight.java:63)
	at org.apache.coyote.AbstractProtocol$ConnectionHandler.process(AbstractProtocol.java:928)
	at org.apache.tomcat.util.net.NioEndpoint$SocketProcessor.doRun(NioEndpoint.java:1794)
	at org.apache.tomcat.util.net.SocketProcessorBase.run(SocketProcessorBase.java:52)
	at org.apache.tomcat.util.threads.ThreadPoolExecutor.runWorker(ThreadPoolExecutor.java:1191)
	at org.apache.tomcat.util.threads.ThreadPoolExecutor$Worker.run(ThreadPoolExecutor.java:659)
	at org.apache.tomcat.util.threads.TaskThread$WrappingRunnable.run(TaskThread.java:61)
	at java.base/java.lang.Thread.run(Thread.java:1623)
2025-03-09 11:42:12 [http-nio-8080-exec-1] DEBUG o.s.w.f.CommonsRequestLoggingFilter - REQUEST END: POST /signup]
2025-03-09 11:43:18 [http-nio-8080-exec-2] DEBUG o.s.w.f.CommonsRequestLoggingFilter - REQUEST START: POST /signin]
2025-03-09 11:43:18 [http-nio-8080-exec-2] ERROR o.e.c.jwt.JwtAuthenticationFilter - not valid jwt token for request
io.jsonwebtoken.ExpiredJwtException: JWT expired at 2025-03-08T23:59:00Z. Current time: 2025-03-09T08:43:18Z, a difference of 31458832 milliseconds.  Allowed clock skew: 0 milliseconds.
	at io.jsonwebtoken.impl.DefaultJwtParser.parse(DefaultJwtParser.java:427)
	at io.jsonwebtoken.impl.DefaultJwtParser.parse(DefaultJwtParser.java:529)
	at io.jsonwebtoken.impl.DefaultJwtParser.parseClaimsJws(DefaultJwtParser.java:589)
	at io.jsonwebtoken.impl.ImmutableJwtParser.parseClaimsJws(ImmutableJwtParser.java:173)
	at org.example.config.jwt.JwtService.extractAllClaims(JwtService.java:66)
	at org.example.config.jwt.JwtService.extractClaim(JwtService.java:46)
	at org.example.config.jwt.JwtService.extractUserEmail(JwtService.java:28)
	at org.example.config.jwt.JwtAuthenticationFilter.doFilterInternal(JwtAuthenticationFilter.java:51)
	at org.springframework.web.filter.OncePerRequestFilter.doFilter(OncePerRequestFilter.java:117)
	at org.springframework.security.web.FilterChainProxy$VirtualFilterChain.doFilter(FilterChainProxy.java:346)
	at org.springframework.security.web.authentication.logout.LogoutFilter.doFilter(LogoutFilter.java:103)
	at org.springframework.security.web.authentication.logout.LogoutFilter.doFilter(LogoutFilter.java:89)
	at org.springframework.security.web.FilterChainProxy$VirtualFilterChain.doFilter(FilterChainProxy.java:346)
	at org.springframework.security.web.header.HeaderWriterFilter.doHeadersAfter(HeaderWriterFilter.java:90)
	at org.springframework.security.web.header.HeaderWriterFilter.doFilterInternal(HeaderWriterFilter.java:75)
	at org.springframework.web.filter.OncePerRequestFilter.doFilter(OncePerRequestFilter.java:117)
	at org.springframework.security.web.FilterChainProxy$VirtualFilterChain.doFilter(FilterChainProxy.java:346)
	at org.springframework.security.web.context.SecurityContextPersistenceFilter.doFilter(SecurityContextPersistenceFilter.java:112)
	at org.springframework.security.web.context.SecurityContextPersistenceFilter.doFilter(SecurityContextPersistenceFilter.java:82)
	at org.springframework.security.web.FilterChainProxy$VirtualFilterChain.doFilter(FilterChainProxy.java:346)
	at org.springframework.security.web.context.request.async.WebAsyncManagerIntegrationFilter.doFilterInternal(WebAsyncManagerIntegrationFilter.java:55)
	at org.springframework.web.filter.OncePerRequestFilter.doFilter(OncePerRequestFilter.java:117)
	at org.springframework.security.web.FilterChainProxy$VirtualFilterChain.doFilter(FilterChainProxy.java:346)
	at org.springframework.security.web.session.DisableEncodeUrlFilter.doFilterInternal(DisableEncodeUrlFilter.java:42)
	at org.springframework.web.filter.OncePerRequestFilter.doFilter(OncePerRequestFilter.java:117)
	at org.springframework.security.web.FilterChainProxy$VirtualFilterChain.doFilter(FilterChainProxy.java:346)
	at org.springframework.security.web.FilterChainProxy.doFilterInternal(FilterChainProxy.java:221)
	at org.springframework.security.web.FilterChainProxy.doFilter(FilterChainProxy.java:186)
	at org.springframework.web.filter.DelegatingFilterProxy.invokeDelegate(DelegatingFilterProxy.java:354)
	at org.springframework.web.filter.DelegatingFilterProxy.doFilter(DelegatingFilterProxy.java:267)
	at org.apache.catalina.core.ApplicationFilterChain.internalDoFilter(ApplicationFilterChain.java:178)
	at org.apache.catalina.core.ApplicationFilterChain.doFilter(ApplicationFilterChain.java:153)
	at org.springframework.web.filter.RequestContextFilter.doFilterInternal(RequestContextFilter.java:100)
	at org.springframework.web.filter.OncePerRequestFilter.doFilter(OncePerRequestFilter.java:117)
	at org.apache.catalina.core.ApplicationFilterChain.internalDoFilter(ApplicationFilterChain.java:178)
	at org.apache.catalina.core.ApplicationFilterChain.doFilter(ApplicationFilterChain.java:153)
	at org.springframework.web.filter.FormContentFilter.doFilterInternal(FormContentFilter.java:93)
	at org.springframework.web.filter.OncePerRequestFilter.doFilter(OncePerRequestFilter.java:117)
	at org.apache.catalina.core.ApplicationFilterChain.internalDoFilter(ApplicationFilterChain.java:178)
	at org.apache.catalina.core.ApplicationFilterChain.doFilter(ApplicationFilterChain.java:153)
	at org.springframework.web.filter.CharacterEncodingFilter.doFilterInternal(CharacterEncodingFilter.java:201)
	at org.springframework.web.filter.OncePerRequestFilter.doFilter(OncePerRequestFilter.java:117)
	at org.apache.catalina.core.ApplicationFilterChain.internalDoFilter(ApplicationFilterChain.java:178)
	at org.apache.catalina.core.ApplicationFilterChain.doFilter(ApplicationFilterChain.java:153)
	at org.springframework.web.filter.AbstractRequestLoggingFilter.doFilterInternal(AbstractRequestLoggingFilter.java:289)
	at org.springframework.web.filter.OncePerRequestFilter.doFilter(OncePerRequestFilter.java:117)
	at org.apache.catalina.core.ApplicationFilterChain.internalDoFilter(ApplicationFilterChain.java:178)
	at org.apache.catalina.core.ApplicationFilterChain.doFilter(ApplicationFilterChain.java:153)
	at org.apache.catalina.core.StandardWrapperValve.invoke(StandardWrapperValve.java:168)
	at org.apache.catalina.core.StandardContextValve.invoke(StandardContextValve.java:90)
	at org.apache.catalina.authenticator.AuthenticatorBase.invoke(AuthenticatorBase.java:481)
	at org.apache.catalina.core.StandardHostValve.invoke(StandardHostValve.java:130)
	at org.apache.catalina.valves.ErrorReportValve.invoke(ErrorReportValve.java:93)
	at org.apache.catalina.core.StandardEngineValve.invoke(StandardEngineValve.java:74)
	at org.apache.catalina.connector.CoyoteAdapter.service(CoyoteAdapter.java:342)
	at org.apache.coyote.http11.Http11Processor.service(Http11Processor.java:390)
	at org.apache.coyote.AbstractProcessorLight.process(AbstractProcessorLight.java:63)
	at org.apache.coyote.AbstractProtocol$ConnectionHandler.process(AbstractProtocol.java:928)
	at org.apache.tomcat.util.net.NioEndpoint$SocketProcessor.doRun(NioEndpoint.java:1794)
	at org.apache.tomcat.util.net.SocketProcessorBase.run(SocketProcessorBase.java:52)
	at org.apache.tomcat.util.threads.ThreadPoolExecutor.runWorker(ThreadPoolExecutor.java:1191)
	at org.apache.tomcat.util.threads.ThreadPoolExecutor$Worker.run(ThreadPoolExecutor.java:659)
	at org.apache.tomcat.util.threads.TaskThread$WrappingRunnable.run(TaskThread.java:61)
	at java.base/java.lang.Thread.run(Thread.java:1623)
2025-03-09 11:43:18 [http-nio-8080-exec-2] DEBUG o.s.w.f.CommonsRequestLoggingFilter - REQUEST END: POST /signin]
2025-03-09 11:49:07 [http-nio-8080-exec-9] DEBUG o.s.w.f.CommonsRequestLoggingFilter - REQUEST START: POST /signin]
2025-03-09 11:49:07 [http-nio-8080-exec-9] INFO  o.e.c.jwt.JwtAuthenticationFilter - request not have auth header
2025-03-09 11:49:07 [http-nio-8080-exec-9] INFO  o.e.service.AuthenticationService - sign in user with email: levka288@gmail.com
2025-03-09 11:49:08 [http-nio-8080-exec-9] INFO  o.e.service.AuthenticationService - user with email: levka288@gmail.com signed in
2025-03-09 11:49:08 [http-nio-8080-exec-9] DEBUG o.s.w.f.CommonsRequestLoggingFilter - REQUEST END: POST /signin, payload={
    "email": "levka288@gmail.com", 
    "password": "Kaka3600"
}]
2025-03-09 11:49:35 [http-nio-8080-exec-5] DEBUG o.s.w.f.CommonsRequestLoggingFilter - REQUEST START: POST /signin]
2025-03-09 11:49:35 [http-nio-8080-exec-5] ERROR o.e.c.jwt.JwtAuthenticationFilter - not valid jwt token for request
io.jsonwebtoken.ExpiredJwtException: JWT expired at 2025-03-08T23:59:00Z. Current time: 2025-03-09T08:49:35Z, a difference of 31835601 milliseconds.  Allowed clock skew: 0 milliseconds.
	at io.jsonwebtoken.impl.DefaultJwtParser.parse(DefaultJwtParser.java:427)
	at io.jsonwebtoken.impl.DefaultJwtParser.parse(DefaultJwtParser.java:529)
	at io.jsonwebtoken.impl.DefaultJwtParser.parseClaimsJws(DefaultJwtParser.java:589)
	at io.jsonwebtoken.impl.ImmutableJwtParser.parseClaimsJws(ImmutableJwtParser.java:173)
	at org.example.config.jwt.JwtService.extractAllClaims(JwtService.java:66)
	at org.example.config.jwt.JwtService.extractClaim(JwtService.java:46)
	at org.example.config.jwt.JwtService.extractUserEmail(JwtService.java:28)
	at org.example.config.jwt.JwtAuthenticationFilter.doFilterInternal(JwtAuthenticationFilter.java:51)
	at org.springframework.web.filter.OncePerRequestFilter.doFilter(OncePerRequestFilter.java:117)
	at org.springframework.security.web.FilterChainProxy$VirtualFilterChain.doFilter(FilterChainProxy.java:346)
	at org.springframework.security.web.authentication.logout.LogoutFilter.doFilter(LogoutFilter.java:103)
	at org.springframework.security.web.authentication.logout.LogoutFilter.doFilter(LogoutFilter.java:89)
	at org.springframework.security.web.FilterChainProxy$VirtualFilterChain.doFilter(FilterChainProxy.java:346)
	at org.springframework.security.web.header.HeaderWriterFilter.doHeadersAfter(HeaderWriterFilter.java:90)
	at org.springframework.security.web.header.HeaderWriterFilter.doFilterInternal(HeaderWriterFilter.java:75)
	at org.springframework.web.filter.OncePerRequestFilter.doFilter(OncePerRequestFilter.java:117)
	at org.springframework.security.web.FilterChainProxy$VirtualFilterChain.doFilter(FilterChainProxy.java:346)
	at org.springframework.security.web.context.SecurityContextPersistenceFilter.doFilter(SecurityContextPersistenceFilter.java:112)
	at org.springframework.security.web.context.SecurityContextPersistenceFilter.doFilter(SecurityContextPersistenceFilter.java:82)
	at org.springframework.security.web.FilterChainProxy$VirtualFilterChain.doFilter(FilterChainProxy.java:346)
	at org.springframework.security.web.context.request.async.WebAsyncManagerIntegrationFilter.doFilterInternal(WebAsyncManagerIntegrationFilter.java:55)
	at org.springframework.web.filter.OncePerRequestFilter.doFilter(OncePerRequestFilter.java:117)
	at org.springframework.security.web.FilterChainProxy$VirtualFilterChain.doFilter(FilterChainProxy.java:346)
	at org.springframework.security.web.session.DisableEncodeUrlFilter.doFilterInternal(DisableEncodeUrlFilter.java:42)
	at org.springframework.web.filter.OncePerRequestFilter.doFilter(OncePerRequestFilter.java:117)
	at org.springframework.security.web.FilterChainProxy$VirtualFilterChain.doFilter(FilterChainProxy.java:346)
	at org.springframework.security.web.FilterChainProxy.doFilterInternal(FilterChainProxy.java:221)
	at org.springframework.security.web.FilterChainProxy.doFilter(FilterChainProxy.java:186)
	at org.springframework.web.filter.DelegatingFilterProxy.invokeDelegate(DelegatingFilterProxy.java:354)
	at org.springframework.web.filter.DelegatingFilterProxy.doFilter(DelegatingFilterProxy.java:267)
	at org.apache.catalina.core.ApplicationFilterChain.internalDoFilter(ApplicationFilterChain.java:178)
	at org.apache.catalina.core.ApplicationFilterChain.doFilter(ApplicationFilterChain.java:153)
	at org.springframework.web.filter.RequestContextFilter.doFilterInternal(RequestContextFilter.java:100)
	at org.springframework.web.filter.OncePerRequestFilter.doFilter(OncePerRequestFilter.java:117)
	at org.apache.catalina.core.ApplicationFilterChain.internalDoFilter(ApplicationFilterChain.java:178)
	at org.apache.catalina.core.ApplicationFilterChain.doFilter(ApplicationFilterChain.java:153)
	at org.springframework.web.filter.FormContentFilter.doFilterInternal(FormContentFilter.java:93)
	at org.springframework.web.filter.OncePerRequestFilter.doFilter(OncePerRequestFilter.java:117)
	at org.apache.catalina.core.ApplicationFilterChain.internalDoFilter(ApplicationFilterChain.java:178)
	at org.apache.catalina.core.ApplicationFilterChain.doFilter(ApplicationFilterChain.java:153)
	at org.springframework.web.filter.CharacterEncodingFilter.doFilterInternal(CharacterEncodingFilter.java:201)
	at org.springframework.web.filter.OncePerRequestFilter.doFilter(OncePerRequestFilter.java:117)
	at org.apache.catalina.core.ApplicationFilterChain.internalDoFilter(ApplicationFilterChain.java:178)
	at org.apache.catalina.core.ApplicationFilterChain.doFilter(ApplicationFilterChain.java:153)
	at org.springframework.web.filter.AbstractRequestLoggingFilter.doFilterInternal(AbstractRequestLoggingFilter.java:289)
	at org.springframework.web.filter.OncePerRequestFilter.doFilter(OncePerRequestFilter.java:117)
	at org.apache.catalina.core.ApplicationFilterChain.internalDoFilter(ApplicationFilterChain.java:178)
	at org.apache.catalina.core.ApplicationFilterChain.doFilter(ApplicationFilterChain.java:153)
	at org.apache.catalina.core.StandardWrapperValve.invoke(StandardWrapperValve.java:168)
	at org.apache.catalina.core.StandardContextValve.invoke(StandardContextValve.java:90)
	at org.apache.catalina.authenticator.AuthenticatorBase.invoke(AuthenticatorBase.java:481)
	at org.apache.catalina.core.StandardHostValve.invoke(StandardHostValve.java:130)
	at org.apache.catalina.valves.ErrorReportValve.invoke(ErrorReportValve.java:93)
	at org.apache.catalina.core.StandardEngineValve.invoke(StandardEngineValve.java:74)
	at org.apache.catalina.connector.CoyoteAdapter.service(CoyoteAdapter.java:342)
	at org.apache.coyote.http11.Http11Processor.service(Http11Processor.java:390)
	at org.apache.coyote.AbstractProcessorLight.process(AbstractProcessorLight.java:63)
	at org.apache.coyote.AbstractProtocol$ConnectionHandler.process(AbstractProtocol.java:928)
	at org.apache.tomcat.util.net.NioEndpoint$SocketProcessor.doRun(NioEndpoint.java:1794)
	at org.apache.tomcat.util.net.SocketProcessorBase.run(SocketProcessorBase.java:52)
	at org.apache.tomcat.util.threads.ThreadPoolExecutor.runWorker(ThreadPoolExecutor.java:1191)
	at org.apache.tomcat.util.threads.ThreadPoolExecutor$Worker.run(ThreadPoolExecutor.java:659)
	at org.apache.tomcat.util.threads.TaskThread$WrappingRunnable.run(TaskThread.java:61)
	at java.base/java.lang.Thread.run(Thread.java:1623)
2025-03-09 11:49:35 [http-nio-8080-exec-5] DEBUG o.s.w.f.CommonsRequestLoggingFilter - REQUEST END: POST /signin]
2025-03-09 11:50:54 [http-nio-8080-exec-8] DEBUG o.s.w.f.CommonsRequestLoggingFilter - REQUEST START: POST /signin]
2025-03-09 11:50:54 [http-nio-8080-exec-8] INFO  o.e.c.jwt.JwtAuthenticationFilter - request by user with email: levka288@gmail.com
2025-03-09 11:50:54 [http-nio-8080-exec-8] INFO  o.e.c.jwt.JwtAuthenticationFilter - user with email: levka288@gmail.com authorized
2025-03-09 11:50:54 [http-nio-8080-exec-8] INFO  o.e.service.AuthenticationService - sign in user with email: levka288@gmail.com
2025-03-09 11:50:54 [http-nio-8080-exec-8] INFO  o.e.service.AuthenticationService - user with email: levka288@gmail.com signed in
2025-03-09 11:50:54 [http-nio-8080-exec-8] DEBUG o.s.w.f.CommonsRequestLoggingFilter - REQUEST END: POST /signin, payload={
    "email": "levka288@gmail.com", 
    "password": "Kaka3600"
}]
2025-03-09 11:51:00 [http-nio-8080-exec-10] DEBUG o.s.w.f.CommonsRequestLoggingFilter - REQUEST START: POST /signin]
2025-03-09 11:51:00 [http-nio-8080-exec-10] INFO  o.e.c.jwt.JwtAuthenticationFilter - request not have auth header
2025-03-09 11:51:00 [http-nio-8080-exec-10] INFO  o.e.service.AuthenticationService - sign in user with email: levka288@gmail.com
2025-03-09 11:51:00 [http-nio-8080-exec-10] INFO  o.e.service.AuthenticationService - user with email: levka288@gmail.com signed in
2025-03-09 11:51:00 [http-nio-8080-exec-10] DEBUG o.s.w.f.CommonsRequestLoggingFilter - REQUEST END: POST /signin, payload={
    "email": "levka288@gmail.com", 
    "password": "Kaka3600"
}]
2025-03-09 11:51:51 [http-nio-8080-exec-6] DEBUG o.s.w.f.CommonsRequestLoggingFilter - REQUEST START: POST /signin]
2025-03-09 11:51:51 [http-nio-8080-exec-6] INFO  o.e.c.jwt.JwtAuthenticationFilter - request by user with email: levka288@gmail.com
2025-03-09 11:51:52 [http-nio-8080-exec-6] INFO  o.e.c.jwt.JwtAuthenticationFilter - user with email: levka288@gmail.com authorized
2025-03-09 11:51:52 [http-nio-8080-exec-6] INFO  o.e.service.AuthenticationService - sign in user with email: levka288@gmail.com
2025-03-09 11:51:52 [http-nio-8080-exec-6] INFO  o.e.service.AuthenticationService - user with email: levka288@gmail.com signed in
2025-03-09 11:51:52 [http-nio-8080-exec-6] DEBUG o.s.w.f.CommonsRequestLoggingFilter - REQUEST END: POST /signin, payload={
    "email": "levka288@gmail.com", 
    "password": "Kaka3600"
}]
2025-03-09 11:54:10 [http-nio-8080-exec-3] DEBUG o.s.w.f.CommonsRequestLoggingFilter - REQUEST START: GET /api?timeout=32s]
2025-03-09 11:54:10 [http-nio-8080-exec-3] INFO  o.e.c.jwt.JwtAuthenticationFilter - request not have auth header
2025-03-09 11:54:10 [http-nio-8080-exec-3] DEBUG o.s.w.f.CommonsRequestLoggingFilter - REQUEST END: GET /api?timeout=32s]
2025-03-09 11:54:10 [http-nio-8080-exec-2] DEBUG o.s.w.f.CommonsRequestLoggingFilter - REQUEST START: GET /api?timeout=32s]
2025-03-09 11:54:10 [http-nio-8080-exec-2] INFO  o.e.c.jwt.JwtAuthenticationFilter - request not have auth header
2025-03-09 11:54:10 [http-nio-8080-exec-2] DEBUG o.s.w.f.CommonsRequestLoggingFilter - REQUEST END: GET /api?timeout=32s]
2025-03-09 11:54:10 [http-nio-8080-exec-4] DEBUG o.s.w.f.CommonsRequestLoggingFilter - REQUEST START: GET /api?timeout=32s]
2025-03-09 11:54:10 [http-nio-8080-exec-4] INFO  o.e.c.jwt.JwtAuthenticationFilter - request not have auth header
2025-03-09 11:54:10 [http-nio-8080-exec-4] DEBUG o.s.w.f.CommonsRequestLoggingFilter - REQUEST END: GET /api?timeout=32s]
2025-03-09 11:54:10 [http-nio-8080-exec-9] DEBUG o.s.w.f.CommonsRequestLoggingFilter - REQUEST START: GET /api?timeout=32s]
2025-03-09 11:54:10 [http-nio-8080-exec-9] INFO  o.e.c.jwt.JwtAuthenticationFilter - request not have auth header
2025-03-09 11:54:10 [http-nio-8080-exec-9] DEBUG o.s.w.f.CommonsRequestLoggingFilter - REQUEST END: GET /api?timeout=32s]
2025-03-09 11:54:10 [http-nio-8080-exec-5] DEBUG o.s.w.f.CommonsRequestLoggingFilter - REQUEST START: GET /api?timeout=32s]
2025-03-09 11:54:10 [http-nio-8080-exec-5] INFO  o.e.c.jwt.JwtAuthenticationFilter - request not have auth header
2025-03-09 11:54:10 [http-nio-8080-exec-5] DEBUG o.s.w.f.CommonsRequestLoggingFilter - REQUEST END: GET /api?timeout=32s]
2025-03-09 19:02:51 [HikariPool-1 housekeeper] WARN  com.zaxxer.hikari.pool.HikariPool - HikariPool-1 - Thread starvation or clock leap detected (housekeeper delta=7h8m48s245ms310µs400ns).
2025-03-09 19:56:00 [SpringApplicationShutdownHook] INFO  o.s.o.j.LocalContainerEntityManagerFactoryBean - Closing JPA EntityManagerFactory for persistence unit 'default'
2025-03-09 19:56:00 [SpringApplicationShutdownHook] INFO  com.zaxxer.hikari.HikariDataSource - HikariPool-1 - Shutdown initiated...
2025-03-09 19:56:00 [SpringApplicationShutdownHook] INFO  com.zaxxer.hikari.HikariDataSource - HikariPool-1 - Shutdown completed.
